<?xml version="1.0" encoding="UTF-8"?>
<!-- Generated by org.testng.reporters.JUnitReportReporter -->
<testsuite hostname="DESKTOP-4AE4MOQ" failures="0" tests="1" name="tests2.BuyProductPage" time="0.862" errors="0" timestamp="2021-11-28T21:39:24 IST" skipped="0">
  <testcase classname="tests2.BuyProductPage" name="tc01_login" time="0.862"/>
  <system-out/>
</testsuite> <!-- tests2.BuyProductPage -->
